[05:46:40] [ServerMain/ERROR]: Failed to load properties from file: server.properties
java.nio.file.NoSuchFileException: server.properties
	at java.base/sun.nio.fs.UnixException.translateToIOException(UnixException.java:92) ~[?:?]
	at java.base/sun.nio.fs.UnixException.rethrowAsIOException(UnixException.java:106) ~[?:?]
	at java.base/sun.nio.fs.UnixException.rethrowAsIOException(UnixException.java:111) ~[?:?]
	at java.base/sun.nio.fs.UnixFileSystemProvider.newByteChannel(UnixFileSystemProvider.java:261) ~[?:?]
	at java.base/java.nio.file.Files.newByteChannel(Files.java:379) ~[?:?]
	at java.base/java.nio.file.Files.newByteChannel(Files.java:431) ~[?:?]
	at java.base/java.nio.file.spi.FileSystemProvider.newInputStream(FileSystemProvider.java:420) ~[?:?]
	at java.base/java.nio.file.Files.newInputStream(Files.java:159) ~[?:?]
	at aqf.b(SourceFile:62) ~[server-1.20.6.jar:?]
	at aqc.a(SourceFile:140) ~[server-1.20.6.jar:?]
	at aqd.<init>(SourceFile:12) ~[server-1.20.6.jar:?]
	at net.minecraft.server.Main.main(SourceFile:114) ~[server-1.20.6.jar:?]
	at net.minecraft.bundler.Main.lambda$run$0(Main.java:54) ~[?:?]
	at java.base/java.lang.Thread.run(Thread.java:1583) [?:?]
[05:46:40] [ServerMain/INFO]: Environment: Environment[sessionHost=https://sessionserver.mojang.com, servicesHost=https://api.minecraftservices.com, name=PROD]
[05:46:41] [ServerMain/INFO]: No existing world data, creating new world
[05:46:42] [ServerMain/INFO]: Loaded 1175 recipes
[05:46:42] [ServerMain/INFO]: Loaded 1276 advancements
[05:46:43] [Server thread/INFO]: Starting minecraft server version 1.20.6
[05:46:43] [Server thread/INFO]: Loading properties
[05:46:43] [Server thread/INFO]: Default game type: SURVIVAL
[05:46:43] [Server thread/INFO]: Generating keypair
[05:46:43] [Server thread/INFO]: Starting Minecraft server on *:25565
[05:46:43] [Server thread/INFO]: Using epoll channel type
[05:46:43] [Server thread/INFO]: Preparing level "world"
[05:46:48] [Server thread/INFO]: Preparing start region for dimension minecraft:overworld
[05:46:48] [Worker-Main-1/INFO]: Preparing spawn area: 2%
[05:46:48] [Worker-Main-2/INFO]: Preparing spawn area: 2%
[05:46:49] [Worker-Main-1/INFO]: Preparing spawn area: 4%
[05:46:49] [Worker-Main-1/INFO]: Preparing spawn area: 10%
[05:46:50] [Worker-Main-2/INFO]: Preparing spawn area: 18%
[05:46:50] [Worker-Main-2/INFO]: Preparing spawn area: 24%
[05:46:51] [Worker-Main-3/INFO]: Preparing spawn area: 32%
[05:46:51] [Worker-Main-1/INFO]: Preparing spawn area: 51%
[05:46:52] [Worker-Main-2/INFO]: Preparing spawn area: 61%
[05:46:52] [Worker-Main-2/INFO]: Preparing spawn area: 67%
[05:46:53] [Worker-Main-3/INFO]: Preparing spawn area: 91%
[05:46:53] [Server thread/INFO]: Time elapsed: 5100 ms
[05:46:53] [Server thread/INFO]: Done (10.268s)! For help, type "help"
[05:49:13] [Server thread/INFO]: Stopping the server
[05:49:13] [Server thread/INFO]: Stopping server
[05:49:13] [Server thread/INFO]: Saving players
[05:49:13] [Server thread/INFO]: Saving worlds
[05:49:13] [Server thread/INFO]: Saving chunks for level 'ServerLevel[world]'/minecraft:overworld
[05:49:27] [Server thread/INFO]: Saving chunks for level 'ServerLevel[world]'/minecraft:the_end
[05:49:27] [Server thread/INFO]: Saving chunks for level 'ServerLevel[world]'/minecraft:the_nether
[05:49:27] [Server thread/INFO]: ThreadedAnvilChunkStorage (world): All chunks are saved
[05:49:27] [Server thread/INFO]: ThreadedAnvilChunkStorage (DIM1): All chunks are saved
[05:49:27] [Server thread/INFO]: ThreadedAnvilChunkStorage (DIM-1): All chunks are saved
[05:49:27] [Server thread/INFO]: ThreadedAnvilChunkStorage: All dimensions are saved
